{"/Users/paul/Documents/code/asa-swim-time-converter/src/index.js":{"path":"/Users/paul/Documents/code/asa-swim-time-converter/src/index.js","s":{"1":1,"2":1,"3":1,"4":1,"5":1,"6":1,"7":156,"8":0,"9":0,"10":1,"11":9,"12":9,"13":9,"14":9,"15":9,"16":9,"17":1,"18":8,"19":9,"20":1,"21":9,"22":1,"23":9,"24":0,"25":9,"26":9,"27":5,"28":5,"29":4,"30":0,"31":9,"32":1,"33":8,"34":9,"35":1,"36":9,"37":9,"38":9,"39":9,"40":9,"41":9,"42":9,"43":9,"44":9,"45":9,"46":0,"47":9,"48":9,"49":9,"50":9,"51":9,"52":9,"53":9,"54":7,"55":2,"56":9,"57":9,"58":9,"59":9,"60":9,"61":3,"62":6,"63":9,"64":9,"65":0,"66":9,"67":9,"68":9,"69":9,"70":9,"71":1,"72":8,"73":8,"74":8,"75":1,"76":7,"77":1,"78":6,"79":0,"80":6,"81":6,"82":3,"83":3,"84":3,"85":0,"86":6,"87":1,"88":5,"89":5,"90":1,"91":4,"92":4,"93":4,"94":4,"95":4,"96":4,"97":4,"98":4,"99":4,"100":4,"101":0,"102":4,"103":4,"104":4,"105":4,"106":4,"107":4,"108":4,"109":2,"110":2,"111":4,"112":4,"113":4,"114":4,"115":4,"116":2,"117":2,"118":4,"119":4,"120":0,"121":1},"b":{"1":[0,156],"2":[1,8],"3":[1,8],"4":[1,8],"5":[9,4],"6":[0,9],"7":[9,1],"8":[5,4],"9":[1,8],"10":[1,8],"11":[0,9],"12":[9,0],"13":[7,2],"14":[3,6],"15":[1,8],"16":[1,7],"17":[1,6],"18":[7,3],"19":[0,6],"20":[6,0],"21":[3,3],"22":[1,5],"23":[1,4],"24":[0,4],"25":[4,0],"26":[2,2],"27":[2,2]},"f":{"1":1,"2":156,"3":9,"4":9,"5":9},"fnMap":{"1":{"name":"(anonymous_1)","line":1,"loc":{"start":{"line":1,"column":1},"end":{"line":1,"column":12}}},"2":{"name":"(anonymous_2)","line":12,"loc":{"start":{"line":12,"column":20},"end":{"line":12,"column":46}}},"3":{"name":"(anonymous_3)","line":44,"loc":{"start":{"line":44,"column":24},"end":{"line":44,"column":73}}},"4":{"name":"(anonymous_4)","line":45,"loc":{"start":{"line":45,"column":31},"end":{"line":45,"column":57}}},"5":{"name":"(anonymous_5)","line":179,"loc":{"start":{"line":179,"column":17},"end":{"line":179,"column":66}}}},"statementMap":{"1":{"start":{"line":1,"column":0},"end":{"line":296,"column":5}},"2":{"start":{"line":4,"column":4},"end":{"line":4,"column":60}},"3":{"start":{"line":5,"column":4},"end":{"line":5,"column":56}},"4":{"start":{"line":7,"column":4},"end":{"line":7,"column":22}},"5":{"start":{"line":8,"column":4},"end":{"line":8,"column":28}},"6":{"start":{"line":12,"column":4},"end":{"line":17,"column":6}},"7":{"start":{"line":13,"column":8},"end":{"line":16,"column":9}},"8":{"start":{"line":14,"column":12},"end":{"line":14,"column":62}},"9":{"start":{"line":15,"column":12},"end":{"line":15,"column":43}},"10":{"start":{"line":22,"column":4},"end":{"line":293,"column":6}},"11":{"start":{"line":45,"column":12},"end":{"line":157,"column":15}},"12":{"start":{"line":46,"column":16},"end":{"line":46,"column":117}},"13":{"start":{"line":48,"column":16},"end":{"line":48,"column":35}},"14":{"start":{"line":49,"column":16},"end":{"line":49,"column":37}},"15":{"start":{"line":50,"column":16},"end":{"line":50,"column":40}},"16":{"start":{"line":53,"column":16},"end":{"line":58,"column":17}},"17":{"start":{"line":54,"column":20},"end":{"line":54,"column":55}},"18":{"start":{"line":56,"column":20},"end":{"line":56,"column":50}},"19":{"start":{"line":61,"column":16},"end":{"line":63,"column":17}},"20":{"start":{"line":62,"column":20},"end":{"line":62,"column":52}},"21":{"start":{"line":64,"column":16},"end":{"line":66,"column":17}},"22":{"start":{"line":65,"column":20},"end":{"line":65,"column":52}},"23":{"start":{"line":67,"column":16},"end":{"line":69,"column":17}},"24":{"start":{"line":68,"column":20},"end":{"line":68,"column":52}},"25":{"start":{"line":71,"column":16},"end":{"line":82,"column":17}},"26":{"start":{"line":73,"column":20},"end":{"line":79,"column":21}},"27":{"start":{"line":74,"column":24},"end":{"line":74,"column":55}},"28":{"start":{"line":76,"column":24},"end":{"line":76,"column":97}},"29":{"start":{"line":78,"column":24},"end":{"line":78,"column":61}},"30":{"start":{"line":81,"column":20},"end":{"line":81,"column":75}},"31":{"start":{"line":85,"column":16},"end":{"line":90,"column":17}},"32":{"start":{"line":86,"column":20},"end":{"line":86,"column":67}},"33":{"start":{"line":88,"column":20},"end":{"line":88,"column":51}},"34":{"start":{"line":91,"column":16},"end":{"line":93,"column":17}},"35":{"start":{"line":92,"column":20},"end":{"line":92,"column":65}},"36":{"start":{"line":96,"column":16},"end":{"line":155,"column":17}},"37":{"start":{"line":98,"column":20},"end":{"line":98,"column":64}},"38":{"start":{"line":99,"column":20},"end":{"line":99,"column":71}},"39":{"start":{"line":100,"column":20},"end":{"line":100,"column":64}},"40":{"start":{"line":101,"column":20},"end":{"line":101,"column":69}},"41":{"start":{"line":102,"column":20},"end":{"line":102,"column":56}},"42":{"start":{"line":103,"column":20},"end":{"line":103,"column":68}},"43":{"start":{"line":104,"column":20},"end":{"line":104,"column":38}},"44":{"start":{"line":105,"column":20},"end":{"line":105,"column":75}},"45":{"start":{"line":107,"column":20},"end":{"line":109,"column":21}},"46":{"start":{"line":108,"column":24},"end":{"line":108,"column":34}},"47":{"start":{"line":110,"column":20},"end":{"line":110,"column":61}},"48":{"start":{"line":111,"column":20},"end":{"line":111,"column":87}},"49":{"start":{"line":112,"column":20},"end":{"line":112,"column":73}},"50":{"start":{"line":113,"column":20},"end":{"line":113,"column":60}},"51":{"start":{"line":114,"column":20},"end":{"line":114,"column":69}},"52":{"start":{"line":118,"column":20},"end":{"line":118,"column":32}},"53":{"start":{"line":119,"column":20},"end":{"line":125,"column":21}},"54":{"start":{"line":120,"column":24},"end":{"line":122,"column":46}},"55":{"start":{"line":124,"column":24},"end":{"line":124,"column":46}},"56":{"start":{"line":126,"column":20},"end":{"line":126,"column":62}},"57":{"start":{"line":140,"column":20},"end":{"line":140,"column":40}},"58":{"start":{"line":142,"column":20},"end":{"line":142,"column":51}},"59":{"start":{"line":143,"column":20},"end":{"line":143,"column":66}},"60":{"start":{"line":144,"column":20},"end":{"line":148,"column":21}},"61":{"start":{"line":145,"column":24},"end":{"line":145,"column":60}},"62":{"start":{"line":147,"column":24},"end":{"line":147,"column":42}},"63":{"start":{"line":150,"column":20},"end":{"line":150,"column":70}},"64":{"start":{"line":151,"column":20},"end":{"line":151,"column":71}},"65":{"start":{"line":154,"column":20},"end":{"line":154,"column":60}},"66":{"start":{"line":180,"column":12},"end":{"line":180,"column":113}},"67":{"start":{"line":182,"column":12},"end":{"line":182,"column":31}},"68":{"start":{"line":183,"column":12},"end":{"line":183,"column":33}},"69":{"start":{"line":184,"column":12},"end":{"line":184,"column":36}},"70":{"start":{"line":187,"column":12},"end":{"line":192,"column":13}},"71":{"start":{"line":188,"column":16},"end":{"line":188,"column":60}},"72":{"start":{"line":190,"column":16},"end":{"line":190,"column":46}},"73":{"start":{"line":191,"column":16},"end":{"line":191,"column":66}},"74":{"start":{"line":195,"column":12},"end":{"line":197,"column":13}},"75":{"start":{"line":196,"column":16},"end":{"line":196,"column":57}},"76":{"start":{"line":198,"column":12},"end":{"line":200,"column":13}},"77":{"start":{"line":199,"column":16},"end":{"line":199,"column":57}},"78":{"start":{"line":201,"column":12},"end":{"line":203,"column":13}},"79":{"start":{"line":202,"column":16},"end":{"line":202,"column":57}},"80":{"start":{"line":205,"column":12},"end":{"line":216,"column":13}},"81":{"start":{"line":207,"column":16},"end":{"line":213,"column":17}},"82":{"start":{"line":208,"column":20},"end":{"line":208,"column":51}},"83":{"start":{"line":210,"column":20},"end":{"line":210,"column":93}},"84":{"start":{"line":212,"column":20},"end":{"line":212,"column":57}},"85":{"start":{"line":215,"column":16},"end":{"line":215,"column":80}},"86":{"start":{"line":219,"column":12},"end":{"line":224,"column":13}},"87":{"start":{"line":220,"column":16},"end":{"line":220,"column":72}},"88":{"start":{"line":222,"column":16},"end":{"line":222,"column":47}},"89":{"start":{"line":225,"column":12},"end":{"line":227,"column":13}},"90":{"start":{"line":226,"column":16},"end":{"line":226,"column":70}},"91":{"start":{"line":230,"column":12},"end":{"line":289,"column":13}},"92":{"start":{"line":232,"column":16},"end":{"line":232,"column":60}},"93":{"start":{"line":233,"column":16},"end":{"line":233,"column":67}},"94":{"start":{"line":234,"column":16},"end":{"line":234,"column":60}},"95":{"start":{"line":235,"column":16},"end":{"line":235,"column":65}},"96":{"start":{"line":236,"column":16},"end":{"line":236,"column":52}},"97":{"start":{"line":237,"column":16},"end":{"line":237,"column":64}},"98":{"start":{"line":238,"column":16},"end":{"line":238,"column":34}},"99":{"start":{"line":239,"column":16},"end":{"line":239,"column":71}},"100":{"start":{"line":241,"column":16},"end":{"line":243,"column":17}},"101":{"start":{"line":242,"column":20},"end":{"line":242,"column":30}},"102":{"start":{"line":244,"column":16},"end":{"line":244,"column":57}},"103":{"start":{"line":245,"column":16},"end":{"line":245,"column":83}},"104":{"start":{"line":246,"column":16},"end":{"line":246,"column":69}},"105":{"start":{"line":247,"column":16},"end":{"line":247,"column":56}},"106":{"start":{"line":248,"column":16},"end":{"line":248,"column":65}},"107":{"start":{"line":252,"column":16},"end":{"line":252,"column":28}},"108":{"start":{"line":253,"column":16},"end":{"line":259,"column":17}},"109":{"start":{"line":254,"column":20},"end":{"line":256,"column":42}},"110":{"start":{"line":258,"column":20},"end":{"line":258,"column":42}},"111":{"start":{"line":260,"column":16},"end":{"line":260,"column":58}},"112":{"start":{"line":274,"column":16},"end":{"line":274,"column":36}},"113":{"start":{"line":276,"column":16},"end":{"line":276,"column":47}},"114":{"start":{"line":277,"column":16},"end":{"line":277,"column":62}},"115":{"start":{"line":278,"column":16},"end":{"line":282,"column":17}},"116":{"start":{"line":279,"column":20},"end":{"line":279,"column":56}},"117":{"start":{"line":281,"column":20},"end":{"line":281,"column":38}},"118":{"start":{"line":284,"column":16},"end":{"line":284,"column":66}},"119":{"start":{"line":285,"column":16},"end":{"line":285,"column":67}},"120":{"start":{"line":288,"column":16},"end":{"line":288,"column":65}},"121":{"start":{"line":294,"column":4},"end":{"line":294,"column":31}}},"branchMap":{"1":{"line":13,"type":"if","locations":[{"start":{"line":13,"column":8},"end":{"line":13,"column":8}},{"start":{"line":13,"column":8},"end":{"line":13,"column":8}}]},"2":{"line":53,"type":"if","locations":[{"start":{"line":53,"column":16},"end":{"line":53,"column":16}},{"start":{"line":53,"column":16},"end":{"line":53,"column":16}}]},"3":{"line":61,"type":"if","locations":[{"start":{"line":61,"column":16},"end":{"line":61,"column":16}},{"start":{"line":61,"column":16},"end":{"line":61,"column":16}}]},"4":{"line":64,"type":"if","locations":[{"start":{"line":64,"column":16},"end":{"line":64,"column":16}},{"start":{"line":64,"column":16},"end":{"line":64,"column":16}}]},"5":{"line":64,"type":"binary-expr","locations":[{"start":{"line":64,"column":21},"end":{"line":64,"column":39}},{"start":{"line":64,"column":43},"end":{"line":64,"column":45}}]},"6":{"line":67,"type":"if","locations":[{"start":{"line":67,"column":16},"end":{"line":67,"column":16}},{"start":{"line":67,"column":16},"end":{"line":67,"column":16}}]},"7":{"line":67,"type":"binary-expr","locations":[{"start":{"line":67,"column":21},"end":{"line":67,"column":40}},{"start":{"line":67,"column":44},"end":{"line":67,"column":46}}]},"8":{"line":73,"type":"if","locations":[{"start":{"line":73,"column":20},"end":{"line":73,"column":20}},{"start":{"line":73,"column":20},"end":{"line":73,"column":20}}]},"9":{"line":85,"type":"if","locations":[{"start":{"line":85,"column":16},"end":{"line":85,"column":16}},{"start":{"line":85,"column":16},"end":{"line":85,"column":16}}]},"10":{"line":91,"type":"if","locations":[{"start":{"line":91,"column":16},"end":{"line":91,"column":16}},{"start":{"line":91,"column":16},"end":{"line":91,"column":16}}]},"11":{"line":107,"type":"if","locations":[{"start":{"line":107,"column":20},"end":{"line":107,"column":20}},{"start":{"line":107,"column":20},"end":{"line":107,"column":20}}]},"12":{"line":107,"type":"binary-expr","locations":[{"start":{"line":107,"column":24},"end":{"line":107,"column":41}},{"start":{"line":107,"column":45},"end":{"line":107,"column":76}}]},"13":{"line":119,"type":"if","locations":[{"start":{"line":119,"column":20},"end":{"line":119,"column":20}},{"start":{"line":119,"column":20},"end":{"line":119,"column":20}}]},"14":{"line":144,"type":"if","locations":[{"start":{"line":144,"column":20},"end":{"line":144,"column":20}},{"start":{"line":144,"column":20},"end":{"line":144,"column":20}}]},"15":{"line":187,"type":"if","locations":[{"start":{"line":187,"column":12},"end":{"line":187,"column":12}},{"start":{"line":187,"column":12},"end":{"line":187,"column":12}}]},"16":{"line":195,"type":"if","locations":[{"start":{"line":195,"column":12},"end":{"line":195,"column":12}},{"start":{"line":195,"column":12},"end":{"line":195,"column":12}}]},"17":{"line":198,"type":"if","locations":[{"start":{"line":198,"column":12},"end":{"line":198,"column":12}},{"start":{"line":198,"column":12},"end":{"line":198,"column":12}}]},"18":{"line":198,"type":"binary-expr","locations":[{"start":{"line":198,"column":17},"end":{"line":198,"column":35}},{"start":{"line":198,"column":39},"end":{"line":198,"column":41}}]},"19":{"line":201,"type":"if","locations":[{"start":{"line":201,"column":12},"end":{"line":201,"column":12}},{"start":{"line":201,"column":12},"end":{"line":201,"column":12}}]},"20":{"line":201,"type":"binary-expr","locations":[{"start":{"line":201,"column":17},"end":{"line":201,"column":36}},{"start":{"line":201,"column":40},"end":{"line":201,"column":42}}]},"21":{"line":207,"type":"if","locations":[{"start":{"line":207,"column":16},"end":{"line":207,"column":16}},{"start":{"line":207,"column":16},"end":{"line":207,"column":16}}]},"22":{"line":219,"type":"if","locations":[{"start":{"line":219,"column":12},"end":{"line":219,"column":12}},{"start":{"line":219,"column":12},"end":{"line":219,"column":12}}]},"23":{"line":225,"type":"if","locations":[{"start":{"line":225,"column":12},"end":{"line":225,"column":12}},{"start":{"line":225,"column":12},"end":{"line":225,"column":12}}]},"24":{"line":241,"type":"if","locations":[{"start":{"line":241,"column":16},"end":{"line":241,"column":16}},{"start":{"line":241,"column":16},"end":{"line":241,"column":16}}]},"25":{"line":241,"type":"binary-expr","locations":[{"start":{"line":241,"column":20},"end":{"line":241,"column":37}},{"start":{"line":241,"column":41},"end":{"line":241,"column":72}}]},"26":{"line":253,"type":"if","locations":[{"start":{"line":253,"column":16},"end":{"line":253,"column":16}},{"start":{"line":253,"column":16},"end":{"line":253,"column":16}}]},"27":{"line":278,"type":"if","locations":[{"start":{"line":278,"column":16},"end":{"line":278,"column":16}},{"start":{"line":278,"column":16},"end":{"line":278,"column":16}}]}}},"/Users/paul/Documents/code/asa-swim-time-converter/src/conversionTables/strokeTable.js":{"path":"/Users/paul/Documents/code/asa-swim-time-converter/src/conversionTables/strokeTable.js","s":{"1":1,"2":1},"b":{},"f":{},"fnMap":{},"statementMap":{"1":{"start":{"line":1,"column":0},"end":{"line":19,"column":2}},"2":{"start":{"line":21,"column":0},"end":{"line":21,"column":29}}},"branchMap":{}},"/Users/paul/Documents/code/asa-swim-time-converter/src/conversionTables/poolTable.js":{"path":"/Users/paul/Documents/code/asa-swim-time-converter/src/conversionTables/poolTable.js","s":{"1":1,"2":1},"b":{},"f":{},"fnMap":{},"statementMap":{"1":{"start":{"line":1,"column":0},"end":{"line":11,"column":2}},"2":{"start":{"line":13,"column":0},"end":{"line":13,"column":28}}},"branchMap":{}}}