{"C:\\sandbox\\code\\asa-swim-time-converter\\src\\index.js":{"path":"C:\\sandbox\\code\\asa-swim-time-converter\\src\\index.js","s":{"1":1,"2":1,"3":1,"4":1,"5":1,"6":1,"7":99,"8":0,"9":0,"10":1,"11":9,"12":9,"13":9,"14":9,"15":9,"16":9,"17":1,"18":8,"19":9,"20":1,"21":9,"22":1,"23":9,"24":0,"25":9,"26":9,"27":5,"28":5,"29":4,"30":0,"31":9,"32":1,"33":8,"34":9,"35":1,"36":9,"37":9,"38":9,"39":9,"40":9,"41":9,"42":9,"43":9,"44":9,"45":9,"46":0,"47":9,"48":9,"49":9,"50":9,"51":9,"52":9,"53":9,"54":7,"55":2,"56":9,"57":9,"58":9,"59":9,"60":9,"61":3,"62":6,"63":9,"64":9,"65":0,"66":1},"b":{"1":[0,99],"2":[1,8],"3":[1,8],"4":[1,8],"5":[9,4],"6":[0,9],"7":[9,1],"8":[5,4],"9":[1,8],"10":[1,8],"11":[0,9],"12":[9,0],"13":[7,2],"14":[3,6]},"f":{"1":99,"2":9,"3":9},"fnMap":{"1":{"name":"(anonymous_1)","line":11,"loc":{"start":{"line":11,"column":16},"end":{"line":11,"column":42}}},"2":{"name":"getTime","line":39,"loc":{"start":{"line":39,"column":0},"end":{"line":39,"column":57}}},"3":{"name":"(anonymous_3)","line":40,"loc":{"start":{"line":40,"column":23},"end":{"line":40,"column":49}}}},"statementMap":{"1":{"start":{"line":1,"column":0},"end":{"line":1,"column":56}},"2":{"start":{"line":2,"column":0},"end":{"line":2,"column":52}},"3":{"start":{"line":4,"column":0},"end":{"line":4,"column":78}},"4":{"start":{"line":5,"column":0},"end":{"line":5,"column":18}},"5":{"start":{"line":7,"column":0},"end":{"line":7,"column":24}},"6":{"start":{"line":11,"column":0},"end":{"line":16,"column":2}},"7":{"start":{"line":12,"column":4},"end":{"line":15,"column":5}},"8":{"start":{"line":13,"column":8},"end":{"line":13,"column":58}},"9":{"start":{"line":14,"column":8},"end":{"line":14,"column":39}},"10":{"start":{"line":39,"column":0},"end":{"line":153,"column":1}},"11":{"start":{"line":40,"column":4},"end":{"line":152,"column":7}},"12":{"start":{"line":41,"column":8},"end":{"line":41,"column":109}},"13":{"start":{"line":43,"column":8},"end":{"line":43,"column":27}},"14":{"start":{"line":44,"column":8},"end":{"line":44,"column":29}},"15":{"start":{"line":45,"column":8},"end":{"line":45,"column":32}},"16":{"start":{"line":48,"column":8},"end":{"line":53,"column":9}},"17":{"start":{"line":49,"column":12},"end":{"line":49,"column":47}},"18":{"start":{"line":51,"column":12},"end":{"line":51,"column":42}},"19":{"start":{"line":56,"column":8},"end":{"line":58,"column":9}},"20":{"start":{"line":57,"column":12},"end":{"line":57,"column":46}},"21":{"start":{"line":59,"column":8},"end":{"line":61,"column":9}},"22":{"start":{"line":60,"column":12},"end":{"line":60,"column":46}},"23":{"start":{"line":62,"column":8},"end":{"line":64,"column":9}},"24":{"start":{"line":63,"column":12},"end":{"line":63,"column":46}},"25":{"start":{"line":66,"column":8},"end":{"line":77,"column":9}},"26":{"start":{"line":68,"column":12},"end":{"line":74,"column":13}},"27":{"start":{"line":69,"column":16},"end":{"line":69,"column":47}},"28":{"start":{"line":71,"column":16},"end":{"line":71,"column":89}},"29":{"start":{"line":73,"column":16},"end":{"line":73,"column":53}},"30":{"start":{"line":76,"column":12},"end":{"line":76,"column":67}},"31":{"start":{"line":80,"column":8},"end":{"line":85,"column":9}},"32":{"start":{"line":81,"column":12},"end":{"line":81,"column":59}},"33":{"start":{"line":83,"column":12},"end":{"line":83,"column":43}},"34":{"start":{"line":86,"column":8},"end":{"line":88,"column":9}},"35":{"start":{"line":87,"column":12},"end":{"line":87,"column":57}},"36":{"start":{"line":91,"column":8},"end":{"line":150,"column":9}},"37":{"start":{"line":93,"column":12},"end":{"line":93,"column":56}},"38":{"start":{"line":94,"column":12},"end":{"line":94,"column":63}},"39":{"start":{"line":95,"column":12},"end":{"line":95,"column":56}},"40":{"start":{"line":96,"column":12},"end":{"line":96,"column":61}},"41":{"start":{"line":97,"column":12},"end":{"line":97,"column":48}},"42":{"start":{"line":98,"column":12},"end":{"line":98,"column":60}},"43":{"start":{"line":99,"column":12},"end":{"line":99,"column":30}},"44":{"start":{"line":100,"column":12},"end":{"line":100,"column":67}},"45":{"start":{"line":102,"column":12},"end":{"line":104,"column":13}},"46":{"start":{"line":103,"column":16},"end":{"line":103,"column":26}},"47":{"start":{"line":105,"column":12},"end":{"line":105,"column":53}},"48":{"start":{"line":106,"column":12},"end":{"line":106,"column":79}},"49":{"start":{"line":107,"column":12},"end":{"line":107,"column":65}},"50":{"start":{"line":108,"column":12},"end":{"line":108,"column":52}},"51":{"start":{"line":109,"column":12},"end":{"line":109,"column":61}},"52":{"start":{"line":113,"column":12},"end":{"line":113,"column":24}},"53":{"start":{"line":114,"column":12},"end":{"line":120,"column":13}},"54":{"start":{"line":115,"column":16},"end":{"line":117,"column":38}},"55":{"start":{"line":119,"column":16},"end":{"line":119,"column":38}},"56":{"start":{"line":121,"column":12},"end":{"line":121,"column":54}},"57":{"start":{"line":135,"column":12},"end":{"line":135,"column":32}},"58":{"start":{"line":137,"column":12},"end":{"line":137,"column":43}},"59":{"start":{"line":138,"column":12},"end":{"line":138,"column":58}},"60":{"start":{"line":139,"column":12},"end":{"line":143,"column":13}},"61":{"start":{"line":140,"column":16},"end":{"line":140,"column":52}},"62":{"start":{"line":142,"column":16},"end":{"line":142,"column":34}},"63":{"start":{"line":145,"column":12},"end":{"line":145,"column":62}},"64":{"start":{"line":146,"column":12},"end":{"line":146,"column":63}},"65":{"start":{"line":149,"column":12},"end":{"line":149,"column":52}},"66":{"start":{"line":155,"column":0},"end":{"line":155,"column":25}}},"branchMap":{"1":{"line":12,"type":"if","locations":[{"start":{"line":12,"column":4},"end":{"line":12,"column":4}},{"start":{"line":12,"column":4},"end":{"line":12,"column":4}}]},"2":{"line":48,"type":"if","locations":[{"start":{"line":48,"column":8},"end":{"line":48,"column":8}},{"start":{"line":48,"column":8},"end":{"line":48,"column":8}}]},"3":{"line":56,"type":"if","locations":[{"start":{"line":56,"column":8},"end":{"line":56,"column":8}},{"start":{"line":56,"column":8},"end":{"line":56,"column":8}}]},"4":{"line":59,"type":"if","locations":[{"start":{"line":59,"column":8},"end":{"line":59,"column":8}},{"start":{"line":59,"column":8},"end":{"line":59,"column":8}}]},"5":{"line":59,"type":"binary-expr","locations":[{"start":{"line":59,"column":13},"end":{"line":59,"column":31}},{"start":{"line":59,"column":35},"end":{"line":59,"column":37}}]},"6":{"line":62,"type":"if","locations":[{"start":{"line":62,"column":8},"end":{"line":62,"column":8}},{"start":{"line":62,"column":8},"end":{"line":62,"column":8}}]},"7":{"line":62,"type":"binary-expr","locations":[{"start":{"line":62,"column":13},"end":{"line":62,"column":32}},{"start":{"line":62,"column":36},"end":{"line":62,"column":38}}]},"8":{"line":68,"type":"if","locations":[{"start":{"line":68,"column":12},"end":{"line":68,"column":12}},{"start":{"line":68,"column":12},"end":{"line":68,"column":12}}]},"9":{"line":80,"type":"if","locations":[{"start":{"line":80,"column":8},"end":{"line":80,"column":8}},{"start":{"line":80,"column":8},"end":{"line":80,"column":8}}]},"10":{"line":86,"type":"if","locations":[{"start":{"line":86,"column":8},"end":{"line":86,"column":8}},{"start":{"line":86,"column":8},"end":{"line":86,"column":8}}]},"11":{"line":102,"type":"if","locations":[{"start":{"line":102,"column":12},"end":{"line":102,"column":12}},{"start":{"line":102,"column":12},"end":{"line":102,"column":12}}]},"12":{"line":102,"type":"binary-expr","locations":[{"start":{"line":102,"column":16},"end":{"line":102,"column":33}},{"start":{"line":102,"column":37},"end":{"line":102,"column":68}}]},"13":{"line":114,"type":"if","locations":[{"start":{"line":114,"column":12},"end":{"line":114,"column":12}},{"start":{"line":114,"column":12},"end":{"line":114,"column":12}}]},"14":{"line":139,"type":"if","locations":[{"start":{"line":139,"column":12},"end":{"line":139,"column":12}},{"start":{"line":139,"column":12},"end":{"line":139,"column":12}}]}}}}