TN:
SF:C:\sandbox\code\asa-swim-time-converter\src\index.js
FN:11,(anonymous_1)
FN:39,getTime
FN:40,(anonymous_3)
FNF:3
FNH:3
FNDA:99,(anonymous_1)
FNDA:9,getTime
FNDA:9,(anonymous_3)
DA:1,1
DA:2,1
DA:4,1
DA:5,1
DA:7,1
DA:11,1
DA:12,99
DA:13,0
DA:14,0
DA:39,1
DA:40,9
DA:41,9
DA:43,9
DA:44,9
DA:45,9
DA:48,9
DA:49,1
DA:51,8
DA:56,9
DA:57,1
DA:59,9
DA:60,1
DA:62,9
DA:63,0
DA:66,9
DA:68,9
DA:69,5
DA:71,5
DA:73,4
DA:76,0
DA:80,9
DA:81,1
DA:83,8
DA:86,9
DA:87,1
DA:91,9
DA:93,9
DA:94,9
DA:95,9
DA:96,9
DA:97,9
DA:98,9
DA:99,9
DA:100,9
DA:102,9
DA:103,0
DA:105,9
DA:106,9
DA:107,9
DA:108,9
DA:109,9
DA:113,9
DA:114,9
DA:115,7
DA:119,2
DA:121,9
DA:135,9
DA:137,9
DA:138,9
DA:139,9
DA:140,3
DA:142,6
DA:145,9
DA:146,9
DA:149,0
DA:155,1
LF:66
LH:60
BRDA:12,1,0,0
BRDA:12,1,1,99
BRDA:48,2,0,1
BRDA:48,2,1,8
BRDA:56,3,0,1
BRDA:56,3,1,8
BRDA:59,4,0,1
BRDA:59,4,1,8
BRDA:59,5,0,9
BRDA:59,5,1,4
BRDA:62,6,0,0
BRDA:62,6,1,9
BRDA:62,7,0,9
BRDA:62,7,1,1
BRDA:68,8,0,5
BRDA:68,8,1,4
BRDA:80,9,0,1
BRDA:80,9,1,8
BRDA:86,10,0,1
BRDA:86,10,1,8
BRDA:102,11,0,0
BRDA:102,11,1,9
BRDA:102,12,0,9
BRDA:102,12,1,0
BRDA:114,13,0,7
BRDA:114,13,1,2
BRDA:139,14,0,3
BRDA:139,14,1,6
BRF:28
BRH:24
end_of_record
