TN:
SF:/Users/paul/Documents/code/asa-swim-time-converter/src/index.js
FN:1,(anonymous_1)
FN:12,(anonymous_2)
FN:42,getTime
FN:43,(anonymous_4)
FNF:4
FNH:4
FNDA:1,(anonymous_1)
FNDA:99,(anonymous_2)
FNDA:9,getTime
FNDA:9,(anonymous_4)
DA:1,1
DA:4,1
DA:5,1
DA:7,1
DA:8,1
DA:12,1
DA:13,99
DA:14,0
DA:15,0
DA:42,1
DA:43,9
DA:44,9
DA:46,9
DA:47,9
DA:48,9
DA:51,9
DA:52,1
DA:54,8
DA:59,9
DA:60,1
DA:62,9
DA:63,1
DA:65,9
DA:66,0
DA:69,9
DA:71,9
DA:72,5
DA:74,5
DA:76,4
DA:79,0
DA:83,9
DA:84,1
DA:86,8
DA:89,9
DA:90,1
DA:94,9
DA:96,9
DA:97,9
DA:98,9
DA:99,9
DA:100,9
DA:101,9
DA:102,9
DA:103,9
DA:105,9
DA:106,0
DA:108,9
DA:109,9
DA:110,9
DA:111,9
DA:112,9
DA:116,9
DA:117,9
DA:118,7
DA:122,2
DA:124,9
DA:138,9
DA:140,9
DA:141,9
DA:142,9
DA:143,3
DA:145,6
DA:148,9
DA:149,9
DA:152,0
DA:158,1
LF:66
LH:60
BRDA:13,1,0,0
BRDA:13,1,1,99
BRDA:51,2,0,1
BRDA:51,2,1,8
BRDA:59,3,0,1
BRDA:59,3,1,8
BRDA:62,4,0,1
BRDA:62,4,1,8
BRDA:62,5,0,9
BRDA:62,5,1,4
BRDA:65,6,0,0
BRDA:65,6,1,9
BRDA:65,7,0,9
BRDA:65,7,1,1
BRDA:71,8,0,5
BRDA:71,8,1,4
BRDA:83,9,0,1
BRDA:83,9,1,8
BRDA:89,10,0,1
BRDA:89,10,1,8
BRDA:105,11,0,0
BRDA:105,11,1,9
BRDA:105,12,0,9
BRDA:105,12,1,0
BRDA:117,13,0,7
BRDA:117,13,1,2
BRDA:142,14,0,3
BRDA:142,14,1,6
BRF:28
BRH:24
end_of_record
TN:
SF:/Users/paul/Documents/code/asa-swim-time-converter/src/conversionTables/strokeTable.js
FNF:0
FNH:0
DA:1,1
DA:21,1
LF:2
LH:2
BRF:0
BRH:0
end_of_record
TN:
SF:/Users/paul/Documents/code/asa-swim-time-converter/src/conversionTables/poolTable.js
FNF:0
FNH:0
DA:1,1
DA:13,1
LF:2
LH:2
BRF:0
BRH:0
end_of_record
